Warning[205] C:\USERS\FREEM\ESCRITORIO\MICROS\P9\JOYSTICK.ASM 1 : Found directive in column 1. (LIST)
Warning[205] C:\USERS\FREEM\ESCRITORIO\MICROS\P9\JOYSTICK.ASM 2 : Found directive in column 1. (INCLUDE)
Warning[205] C:\USERS\FREEM\ESCRITORIO\MICROS\P9\JOYSTICK.ASM 4 : Found directive in column 1. (__CONFIG)
Warning[205] C:\USERS\FREEM\ESCRITORIO\MICROS\P9\JOYSTICK.ASM 6 : Found directive in column 1. (ORG)
Warning[205] C:\USERS\FREEM\ESCRITORIO\MICROS\P9\JOYSTICK.ASM 8 : Found directive in column 1. (CBLOCK)
Warning[205] C:\USERS\FREEM\ESCRITORIO\MICROS\P9\JOYSTICK.ASM 10 : Found directive in column 1. (ENDC)
Warning[203] C:\USERS\FREEM\ESCRITORIO\MICROS\P9\JOYSTICK.ASM 14 : Found opcode in column 1. (BSF)
Warning[203] C:\USERS\FREEM\ESCRITORIO\MICROS\P9\JOYSTICK.ASM 17 : Found opcode in column 1. (MOVLW)
Warning[203] C:\USERS\FREEM\ESCRITORIO\MICROS\P9\JOYSTICK.ASM 18 : Found opcode in column 1. (MOVWF)
Message[302] C:\USERS\FREEM\ESCRITORIO\MICROS\P9\JOYSTICK.ASM 18 : Register in operand not in bank 0.  Ensure that bank bits are correct.
Warning[203] C:\USERS\FREEM\ESCRITORIO\MICROS\P9\JOYSTICK.ASM 21 : Found opcode in column 1. (BCF)
Message[302] C:\USERS\FREEM\ESCRITORIO\MICROS\P9\JOYSTICK.ASM 21 : Register in operand not in bank 0.  Ensure that bank bits are correct.
Warning[203] C:\USERS\FREEM\ESCRITORIO\MICROS\P9\JOYSTICK.ASM 22 : Found opcode in column 1. (BSF)
Message[302] C:\USERS\FREEM\ESCRITORIO\MICROS\P9\JOYSTICK.ASM 22 : Register in operand not in bank 0.  Ensure that bank bits are correct.
Warning[203] C:\USERS\FREEM\ESCRITORIO\MICROS\P9\JOYSTICK.ASM 25 : Found opcode in column 1. (MOVLW)
Warning[203] C:\USERS\FREEM\ESCRITORIO\MICROS\P9\JOYSTICK.ASM 26 : Found opcode in column 1. (MOVWF)
Message[302] C:\USERS\FREEM\ESCRITORIO\MICROS\P9\JOYSTICK.ASM 26 : Register in operand not in bank 0.  Ensure that bank bits are correct.
Warning[203] C:\USERS\FREEM\ESCRITORIO\MICROS\P9\JOYSTICK.ASM 29 : Found opcode in column 1. (MOVLW)
Warning[203] C:\USERS\FREEM\ESCRITORIO\MICROS\P9\JOYSTICK.ASM 30 : Found opcode in column 1. (MOVWF)
Message[302] C:\USERS\FREEM\ESCRITORIO\MICROS\P9\JOYSTICK.ASM 30 : Register in operand not in bank 0.  Ensure that bank bits are correct.
Warning[203] C:\USERS\FREEM\ESCRITORIO\MICROS\P9\JOYSTICK.ASM 33 : Found opcode in column 1. (MOVLW)
Warning[203] C:\USERS\FREEM\ESCRITORIO\MICROS\P9\JOYSTICK.ASM 37 : Found opcode in column 1. (MOVWF)
Message[302] C:\USERS\FREEM\ESCRITORIO\MICROS\P9\JOYSTICK.ASM 37 : Register in operand not in bank 0.  Ensure that bank bits are correct.
Warning[203] C:\USERS\FREEM\ESCRITORIO\MICROS\P9\JOYSTICK.ASM 40 : Found opcode in column 1. (BCF)
Warning[203] C:\USERS\FREEM\ESCRITORIO\MICROS\P9\JOYSTICK.ASM 45 : Found opcode in column 1. (MOVLW)
Warning[203] C:\USERS\FREEM\ESCRITORIO\MICROS\P9\JOYSTICK.ASM 50 : Found opcode in column 1. (MOVWF)
Warning[203] C:\USERS\FREEM\ESCRITORIO\MICROS\P9\JOYSTICK.ASM 64 : Found opcode in column 1. (GOTO)
Warning[203] C:\USERS\FREEM\ESCRITORIO\MICROS\P9\JOYSTICK.ASM 75 : Found opcode in column 1. (RETURN)
Warning[203] C:\USERS\FREEM\ESCRITORIO\MICROS\P9\JOYSTICK.ASM 86 : Found opcode in column 1. (RETURN)
Warning[203] C:\USERS\FREEM\ESCRITORIO\MICROS\P9\JOYSTICK.ASM 119 : Found opcode in column 1. (RETURN)
Warning[205] C:\USERS\FREEM\ESCRITORIO\MICROS\P9\JOYSTICK.ASM 123 : Found directive in column 1. (END)
