Warning[205] C:\USERS\FREEM\ESCRITORIO\MICROS\PIC16F877A\CANGREMOVIL.ASM 1 : Found directive in column 1. (LIST)
Warning[205] C:\USERS\FREEM\ESCRITORIO\MICROS\PIC16F877A\CANGREMOVIL.ASM 2 : Found directive in column 1. (INCLUDE)
Warning[205] C:\USERS\FREEM\ESCRITORIO\MICROS\PIC16F877A\CANGREMOVIL.ASM 4 : Found directive in column 1. (__CONFIG)
Warning[205] C:\USERS\FREEM\ESCRITORIO\MICROS\PIC16F877A\CANGREMOVIL.ASM 7 : Found directive in column 1. (CBLOCK)
Warning[205] C:\USERS\FREEM\ESCRITORIO\MICROS\PIC16F877A\CANGREMOVIL.ASM 32 : Found directive in column 1. (ENDC)
Message[302] C:\USERS\FREEM\ESCRITORIO\MICROS\PIC16F877A\CANGREMOVIL.ASM 38 : Register in operand not in bank 0.  Ensure that bank bits are correct.
Message[302] C:\USERS\FREEM\ESCRITORIO\MICROS\PIC16F877A\CANGREMOVIL.ASM 40 : Register in operand not in bank 0.  Ensure that bank bits are correct.
Message[302] C:\USERS\FREEM\ESCRITORIO\MICROS\PIC16F877A\CANGREMOVIL.ASM 41 : Register in operand not in bank 0.  Ensure that bank bits are correct.
Message[302] C:\USERS\FREEM\ESCRITORIO\MICROS\PIC16F877A\CANGREMOVIL.ASM 42 : Register in operand not in bank 0.  Ensure that bank bits are correct.
Message[302] C:\USERS\FREEM\ESCRITORIO\MICROS\PIC16F877A\CANGREMOVIL.ASM 45 : Register in operand not in bank 0.  Ensure that bank bits are correct.
Message[302] C:\USERS\FREEM\ESCRITORIO\MICROS\PIC16F877A\CANGREMOVIL.ASM 48 : Register in operand not in bank 0.  Ensure that bank bits are correct.
Warning[203] C:\USERS\FREEM\ESCRITORIO\MICROS\PIC16F877A\CANGREMOVIL.ASM 59 : Found opcode in column 1. (GOTO)
Warning[203] C:\USERS\FREEM\ESCRITORIO\MICROS\PIC16F877A\CANGREMOVIL.ASM 66 : Found opcode in column 1. (CALL)
Message[302] C:\USERS\FREEM\ESCRITORIO\MICROS\PIC16F877A\CANGREMOVIL.ASM 106 : Register in operand not in bank 0.  Ensure that bank bits are correct.
Message[302] C:\USERS\FREEM\ESCRITORIO\MICROS\PIC16F877A\CANGREMOVIL.ASM 118 : Register in operand not in bank 0.  Ensure that bank bits are correct.
Message[302] C:\USERS\FREEM\ESCRITORIO\MICROS\PIC16F877A\CANGREMOVIL.ASM 130 : Register in operand not in bank 0.  Ensure that bank bits are correct.
Message[302] C:\USERS\FREEM\ESCRITORIO\MICROS\PIC16F877A\CANGREMOVIL.ASM 141 : Register in operand not in bank 0.  Ensure that bank bits are correct.
Message[302] C:\USERS\FREEM\ESCRITORIO\MICROS\PIC16F877A\CANGREMOVIL.ASM 152 : Register in operand not in bank 0.  Ensure that bank bits are correct.
Message[302] C:\USERS\FREEM\ESCRITORIO\MICROS\PIC16F877A\CANGREMOVIL.ASM 163 : Register in operand not in bank 0.  Ensure that bank bits are correct.
Message[302] C:\USERS\FREEM\ESCRITORIO\MICROS\PIC16F877A\CANGREMOVIL.ASM 174 : Register in operand not in bank 0.  Ensure that bank bits are correct.
Message[302] C:\USERS\FREEM\ESCRITORIO\MICROS\PIC16F877A\CANGREMOVIL.ASM 185 : Register in operand not in bank 0.  Ensure that bank bits are correct.
Warning[202] C:\USERS\FREEM\ESCRITORIO\MICROS\PIC16F877A\CANGREMOVIL.ASM 235 : Argument out of range.  Least significant bits used.
Warning[202] C:\USERS\FREEM\ESCRITORIO\MICROS\PIC16F877A\CANGREMOVIL.ASM 238 : Argument out of range.  Least significant bits used.
Warning[205] C:\USERS\FREEM\ESCRITORIO\MICROS\PIC16F877A\CANGREMOVIL.ASM 254 : Found directive in column 1. (END)
