Warning[205] C:\USERS\FREEM\ESCRITORIO\MICROS\OPTO\CODE.ASM 1 : Found directive in column 1. (LIST)
Warning[205] C:\USERS\FREEM\ESCRITORIO\MICROS\OPTO\CODE.ASM 2 : Found directive in column 1. (INCLUDE)
Warning[205] C:\USERS\FREEM\ESCRITORIO\MICROS\OPTO\CODE.ASM 4 : Found directive in column 1. (__CONFIG)
Warning[205] C:\USERS\FREEM\ESCRITORIO\MICROS\OPTO\CODE.ASM 6 : Found directive in column 1. (ORG)
Warning[205] C:\USERS\FREEM\ESCRITORIO\MICROS\OPTO\CODE.ASM 8 : Found directive in column 1. (CBLOCK)
Warning[205] C:\USERS\FREEM\ESCRITORIO\MICROS\OPTO\CODE.ASM 10 : Found directive in column 1. (ENDC)
Warning[203] C:\USERS\FREEM\ESCRITORIO\MICROS\OPTO\CODE.ASM 12 : Found opcode in column 1. (BSF)
Warning[203] C:\USERS\FREEM\ESCRITORIO\MICROS\OPTO\CODE.ASM 13 : Found opcode in column 1. (CLRF)
Message[302] C:\USERS\FREEM\ESCRITORIO\MICROS\OPTO\CODE.ASM 13 : Register in operand not in bank 0.  Ensure that bank bits are correct.
Warning[203] C:\USERS\FREEM\ESCRITORIO\MICROS\OPTO\CODE.ASM 14 : Found opcode in column 1. (MOVLW)
Warning[203] C:\USERS\FREEM\ESCRITORIO\MICROS\OPTO\CODE.ASM 15 : Found opcode in column 1. (MOVWF)
Message[302] C:\USERS\FREEM\ESCRITORIO\MICROS\OPTO\CODE.ASM 15 : Register in operand not in bank 0.  Ensure that bank bits are correct.
Warning[203] C:\USERS\FREEM\ESCRITORIO\MICROS\OPTO\CODE.ASM 16 : Found opcode in column 1. (MOVLW)
Warning[203] C:\USERS\FREEM\ESCRITORIO\MICROS\OPTO\CODE.ASM 17 : Found opcode in column 1. (MOVWF)
Message[302] C:\USERS\FREEM\ESCRITORIO\MICROS\OPTO\CODE.ASM 17 : Register in operand not in bank 0.  Ensure that bank bits are correct.
Warning[203] C:\USERS\FREEM\ESCRITORIO\MICROS\OPTO\CODE.ASM 18 : Found opcode in column 1. (MOVLW)
Warning[203] C:\USERS\FREEM\ESCRITORIO\MICROS\OPTO\CODE.ASM 19 : Found opcode in column 1. (MOVWF)
Message[302] C:\USERS\FREEM\ESCRITORIO\MICROS\OPTO\CODE.ASM 19 : Register in operand not in bank 0.  Ensure that bank bits are correct.
Warning[203] C:\USERS\FREEM\ESCRITORIO\MICROS\OPTO\CODE.ASM 20 : Found opcode in column 1. (BCF)
Warning[203] C:\USERS\FREEM\ESCRITORIO\MICROS\OPTO\CODE.ASM 22 : Found opcode in column 1. (CLRF)
Warning[203] C:\USERS\FREEM\ESCRITORIO\MICROS\OPTO\CODE.ASM 24 : Found opcode in column 1. (MOVLW)
Warning[203] C:\USERS\FREEM\ESCRITORIO\MICROS\OPTO\CODE.ASM 25 : Found opcode in column 1. (MOVWF)
Warning[203] C:\USERS\FREEM\ESCRITORIO\MICROS\OPTO\CODE.ASM 27 : Found opcode in column 1. (MOVLW)
Warning[203] C:\USERS\FREEM\ESCRITORIO\MICROS\OPTO\CODE.ASM 28 : Found opcode in column 1. (MOVWF)
Warning[203] C:\USERS\FREEM\ESCRITORIO\MICROS\OPTO\CODE.ASM 30 : Found opcode in column 1. (MOVLW)
Warning[203] C:\USERS\FREEM\ESCRITORIO\MICROS\OPTO\CODE.ASM 31 : Found opcode in column 1. (MOVWF)
Warning[203] C:\USERS\FREEM\ESCRITORIO\MICROS\OPTO\CODE.ASM 33 : Found opcode in column 1. (MOVLW)
Warning[203] C:\USERS\FREEM\ESCRITORIO\MICROS\OPTO\CODE.ASM 34 : Found opcode in column 1. (MOVWF)
Warning[203] C:\USERS\FREEM\ESCRITORIO\MICROS\OPTO\CODE.ASM 36 : Found opcode in column 1. (MOVLW)
Warning[203] C:\USERS\FREEM\ESCRITORIO\MICROS\OPTO\CODE.ASM 37 : Found opcode in column 1. (MOVWF)
Warning[205] C:\USERS\FREEM\ESCRITORIO\MICROS\OPTO\CODE.ASM 55 : Found directive in column 1. (END)
