Warning[205] C:\USERS\FREEM\DESKTOP\MICROS_WOO\P1_DOBLEPUERTO.ASM 1 : Found directive in column 1. (LIST)
Warning[205] C:\USERS\FREEM\DESKTOP\MICROS_WOO\P1_DOBLEPUERTO.ASM 2 : Found directive in column 1. (INCLUDE)
Warning[205] C:\USERS\FREEM\DESKTOP\MICROS_WOO\P1_DOBLEPUERTO.ASM 4 : Found directive in column 1. (__CONFIG)
Warning[205] C:\USERS\FREEM\DESKTOP\MICROS_WOO\P1_DOBLEPUERTO.ASM 8 : Found directive in column 1. (ORG)
Warning[205] C:\USERS\FREEM\DESKTOP\MICROS_WOO\P1_DOBLEPUERTO.ASM 10 : Found directive in column 1. (CBLOCK)
Warning[203] C:\USERS\FREEM\DESKTOP\MICROS_WOO\P1_DOBLEPUERTO.ASM 17 : Found opcode in column 1. (bsf)
Warning[203] C:\USERS\FREEM\DESKTOP\MICROS_WOO\P1_DOBLEPUERTO.ASM 18 : Found opcode in column 1. (movlw)
Warning[203] C:\USERS\FREEM\DESKTOP\MICROS_WOO\P1_DOBLEPUERTO.ASM 19 : Found opcode in column 1. (movwf)
Message[302] C:\USERS\FREEM\DESKTOP\MICROS_WOO\P1_DOBLEPUERTO.ASM 19 : Register in operand not in bank 0.  Ensure that bank bits are correct.
Warning[203] C:\USERS\FREEM\DESKTOP\MICROS_WOO\P1_DOBLEPUERTO.ASM 20 : Found opcode in column 1. (movlw)
Warning[203] C:\USERS\FREEM\DESKTOP\MICROS_WOO\P1_DOBLEPUERTO.ASM 21 : Found opcode in column 1. (movwf)
Message[302] C:\USERS\FREEM\DESKTOP\MICROS_WOO\P1_DOBLEPUERTO.ASM 21 : Register in operand not in bank 0.  Ensure that bank bits are correct.
Warning[203] C:\USERS\FREEM\DESKTOP\MICROS_WOO\P1_DOBLEPUERTO.ASM 22 : Found opcode in column 1. (bcf)
Warning[203] C:\USERS\FREEM\DESKTOP\MICROS_WOO\P1_DOBLEPUERTO.ASM 23 : Found opcode in column 1. (movlw)
Warning[203] C:\USERS\FREEM\DESKTOP\MICROS_WOO\P1_DOBLEPUERTO.ASM 24 : Found opcode in column 1. (movwf)
Warning[203] C:\USERS\FREEM\DESKTOP\MICROS_WOO\P1_DOBLEPUERTO.ASM 26 : Found opcode in column 1. (goto)
Warning[203] C:\USERS\FREEM\DESKTOP\MICROS_WOO\P1_DOBLEPUERTO.ASM 29 : Found opcode in column 1. (movf)
Warning[203] C:\USERS\FREEM\DESKTOP\MICROS_WOO\P1_DOBLEPUERTO.ASM 30 : Found opcode in column 1. (andlw)
Warning[203] C:\USERS\FREEM\DESKTOP\MICROS_WOO\P1_DOBLEPUERTO.ASM 31 : Found opcode in column 1. (movwf)
Warning[203] C:\USERS\FREEM\DESKTOP\MICROS_WOO\P1_DOBLEPUERTO.ASM 33 : Found opcode in column 1. (movf)
Warning[203] C:\USERS\FREEM\DESKTOP\MICROS_WOO\P1_DOBLEPUERTO.ASM 34 : Found opcode in column 1. (movwf)
Warning[203] C:\USERS\FREEM\DESKTOP\MICROS_WOO\P1_DOBLEPUERTO.ASM 35 : Found opcode in column 1. (swapf)
Warning[203] C:\USERS\FREEM\DESKTOP\MICROS_WOO\P1_DOBLEPUERTO.ASM 37 : Found opcode in column 1. (movf)
Warning[203] C:\USERS\FREEM\DESKTOP\MICROS_WOO\P1_DOBLEPUERTO.ASM 38 : Found opcode in column 1. (iorwf)
Warning[203] C:\USERS\FREEM\DESKTOP\MICROS_WOO\P1_DOBLEPUERTO.ASM 39 : Found opcode in column 1. (movwf)
Warning[203] C:\USERS\FREEM\DESKTOP\MICROS_WOO\P1_DOBLEPUERTO.ASM 41 : Found opcode in column 1. (movf)
Warning[203] C:\USERS\FREEM\DESKTOP\MICROS_WOO\P1_DOBLEPUERTO.ASM 42 : Found opcode in column 1. (movwf)
Warning[203] C:\USERS\FREEM\DESKTOP\MICROS_WOO\P1_DOBLEPUERTO.ASM 44 : Found opcode in column 1. (nop)
Warning[203] C:\USERS\FREEM\DESKTOP\MICROS_WOO\P1_DOBLEPUERTO.ASM 45 : Found opcode in column 1. (nop)
Warning[203] C:\USERS\FREEM\DESKTOP\MICROS_WOO\P1_DOBLEPUERTO.ASM 46 : Found opcode in column 1. (nop)
Warning[203] C:\USERS\FREEM\DESKTOP\MICROS_WOO\P1_DOBLEPUERTO.ASM 48 : Found opcode in column 1. (goto)
