MPASM  5.39                          LAVA.ASM   5-19-2026  21:59:19         PAGE  1


LOC  OBJECT CODE     LINE SOURCE TEXT
  VALUE

                      00001     LIST        P=16F877A
                      00002     #INCLUDE    <P16F877A.INC>
                      00001         LIST
                      00002 
                      00003 ;==========================================================================
                      00004 ;  MPASM PIC16F877A processor include
                      00005 ; 
                      00006 ;  (c) Copyright 1999-2010 Microchip Technology, All rights reserved
                      00007 ;==========================================================================
                      00008 
                      00555         LIST
                      00003 
2007   3F31           00004     __CONFIG    _XT_OSC & _WDT_OFF & _PWRTE_ON & _BODEN_OFF & _LVP_OFF & _CP_OFF
                      00005 
                      00006 #DEFINE SPA     PORTA,0
                      00007 #DEFINE SNA     PORTA,1
                      00008 #DEFINE SB      PORTA,2
                      00009 
                      00010 #DEFINE ML          PORTB,0
                      00011 #DEFINE MS          PORTB,1
                      00012 #DEFINE LED_PUERTA  PORTB,2
                      00013 #DEFINE LED_LAVANDO PORTB,3
                      00014 #DEFINE LED_LISTA   PORTB,4
                      00015 #DEFINE LED_SECANDO PORTB,5
                      00016 #DEFINE LED_ALARMA  PORTB,6
                      00017 
  00000000            00018 REPOSO      EQU     0
  00000001            00019 LAVANDO     EQU     1
  00000002            00020 LISTA_SECAR EQU     2
  00000003            00021 SECANDO     EQU     3
  00000004            00022 ALARMA      EQU     4
                      00023 
                      00024     CBLOCK  0x20
  00000020            00025         ESTADO
  00000021            00026         DELAY1
  00000022            00027         DELAY2
  00000023            00028         DELAY3
                      00029     ENDC
                      00030 
                      00031 ; ==============================================================================
0000                  00032     ORG     0x00
0000   2805           00033     GOTO    INICIO
                      00034 
0004                  00035     ORG     0x04
0004   0009           00036     RETFIE
                      00037 
                      00038 
                      00039 ; ==============================================================================
                      00040 ;  INICIO
                      00041 ; ==============================================================================
0005                  00042 INICIO:
0005   1683           00043     BSF     STATUS,RP0
                      00044 
MPASM  5.39                          LAVA.ASM   5-19-2026  21:59:19         PAGE  2


LOC  OBJECT CODE     LINE SOURCE TEXT
  VALUE

0006   3007           00045     MOVLW   0x07
Message[302]: Register in operand not in bank 0.  Ensure that bank bits are correct.
0007   0085           00046     MOVWF   TRISA
                      00047 
Message[302]: Register in operand not in bank 0.  Ensure that bank bits are correct.
0008   0186           00048     CLRF    TRISB
                      00049 
0009   3006           00050     MOVLW   0x06
Message[302]: Register in operand not in bank 0.  Ensure that bank bits are correct.
000A   009F           00051     MOVWF   ADCON1
                      00052 
Message[302]: Register in operand not in bank 0.  Ensure that bank bits are correct.
000B   1781           00053     BSF     OPTION_REG,7
                      00054 
000C   1283           00055     BCF     STATUS,RP0
                      00056 
000D   0186           00057     CLRF    PORTB
                      00058 
000E   3000           00059     MOVLW   REPOSO
000F   00A0           00060     MOVWF   ESTADO
                      00061 
                      00062 ; ==============================================================================
                      00063 ;  BUCLE PRINCIPAL
                      00064 ; ==============================================================================
0010                  00065 MAIN_LOOP:
0010   0820           00066     MOVF    ESTADO,W
                      00067 
0011   3A00           00068     XORLW   REPOSO
0012   1903           00069     BTFSC   STATUS,Z
0013   2825           00070     GOTO    ESTADO_REPOSO
                      00071 
0014   0820           00072     MOVF    ESTADO,W
0015   3A01           00073     XORLW   LAVANDO
0016   1903           00074     BTFSC   STATUS,Z
0017   282E           00075     GOTO    ESTADO_LAVANDO
                      00076 
0018   0820           00077     MOVF    ESTADO,W
0019   3A02           00078     XORLW   LISTA_SECAR
001A   1903           00079     BTFSC   STATUS,Z
001B   2838           00080     GOTO    ESTADO_LISTA_SECAR
                      00081 
001C   0820           00082     MOVF    ESTADO,W
001D   3A03           00083     XORLW   SECANDO
001E   1903           00084     BTFSC   STATUS,Z
001F   2848           00085     GOTO    ESTADO_SECANDO
                      00086 
0020   0820           00087     MOVF    ESTADO,W
0021   3A04           00088     XORLW   ALARMA
0022   1903           00089     BTFSC   STATUS,Z
0023   284F           00090     GOTO    ESTADO_ALARMA_LOOP
                      00091 
0024   2810           00092     GOTO    MAIN_LOOP
                      00093 
MPASM  5.39                          LAVA.ASM   5-19-2026  21:59:19         PAGE  3


LOC  OBJECT CODE     LINE SOURCE TEXT
  VALUE

                      00094 ; ==============================================================================
                      00095 ;  ESTADO 0: REPOSO
                      00096 ;  Transición → LAVANDO si: SPA=0 y SNA=1
                      00097 ; ==============================================================================
0025                  00098 ESTADO_REPOSO:
0025   3004           00099     MOVLW   b'00000100'
0026   0086           00100     MOVWF   PORTB
                      00101 
0027   1805           00102     BTFSC   SPA
0028   2810           00103     GOTO    MAIN_LOOP
                      00104 
0029   1C85           00105     BTFSS   SNA
002A   2810           00106     GOTO    MAIN_LOOP
                      00107 
002B   3001           00108     MOVLW   LAVANDO
002C   00A0           00109     MOVWF   ESTADO
002D   2810           00110     GOTO    MAIN_LOOP
                      00111 
                      00112 ;  ESTADO 1: LAVANDO
                      00113 ;  ML encendido. LED Lavando activo.
                      00114 ;  Transición LISTA_SECAR si: SNA=0
                      00115 ;  Fallo si: SPA=1 durante el ciclo
002E                  00116 ESTADO_LAVANDO:
002E   3009           00117     MOVLW   b'00001001'
002F   0086           00118     MOVWF   PORTB
                      00119 
                      00120 
0030   1C85           00121     BTFSS   SNA             
0031   2835           00122     GOTO    AGUA_DRENADA
                      00123 
0032   1805           00124     BTFSC   SPA             
0033   2852           00125     GOTO    IR_A_ALARMA
0034   2810           00126     GOTO    MAIN_LOOP
                      00127 
0035                  00128 AGUA_DRENADA:
0035   3002           00129     MOVLW   LISTA_SECAR
0036   00A0           00130     MOVWF   ESTADO
0037   2810           00131     GOTO    MAIN_LOOP
                      00132 
                      00133 ; ==============================================================================
                      00134 ;  ESTADO 2: LISTA PARA SECAR
                      00135 ;  Motores apagados. LED Lista activo.
                      00136 ;  - Si RA0 (SPA) en ALTO -> esperar en bucle interno hasta que se cierre
                      00137 ;  - Cuando RA0 baja -> retardo de 5 segundos -> pasar a SECANDO
                      00138 ; ==============================================================================
                      00139 ; ==============================================================================
0038                  00140 ESTADO_LISTA_SECAR:
0038   3010           00141     MOVLW   b'00010000'
0039   0086           00142     MOVWF   PORTB
                      00143 
                      00144     ; Comprobar si la puerta está abierta
003A   1805           00145     BTFSC   SPA             ; Si SPA=1 (Puerta abierta)
003B   2810           00146     GOTO    MAIN_LOOP       ; Regresa al bucle principal, manteniéndose en LISTA_SECAR
MPASM  5.39                          LAVA.ASM   5-19-2026  21:59:19         PAGE  4


LOC  OBJECT CODE     LINE SOURCE TEXT
  VALUE

                      00147 
                      00148     ; Si la puerta está cerrada, aplicamos el retardo
003C   2057           00149     CALL    RETARDO_5SEG
                      00150 
                      00151     ; VERIFICACIÓN EXTRA: 
                      00152     ; ¿Se abrió la puerta DURANTE los 5 segundos de espera?
003D   1805           00153     BTFSC   SPA             ; Si SPA=1 ahora
003E   2810           00154     GOTO    MAIN_LOOP       ; Aborta la transición y se mantiene en LISTA_SECAR
                      00155 
                      00156     ; Si la puerta sigue cerrada, pasamos a SECANDO
003F   3003           00157     MOVLW   SECANDO
0040   00A0           00158     MOVWF   ESTADO
0041   2810           00159     GOTO    MAIN_LOOP
                      00160 
                      00161     ; Bucle interno: esperar a que la puerta se cierre (SPA=0)
0042                  00162 ESPERAR_PUERTA:
0042   1805           00163     BTFSC   SPA             ; Si puerta ABIERTA -> seguir esperando aqui mismo
0043   2842           00164     GOTO    ESPERAR_PUERTA
                      00165 
                      00166     ; Puerta cerrada -> retardo de 5 segundos
0044   2057           00167     CALL    RETARDO_5SEG
                      00168 
                      00169     ; Pasar a SECANDO
0045   3003           00170     MOVLW   SECANDO
0046   00A0           00171     MOVWF   ESTADO
0047   2810           00172     GOTO    MAIN_LOOP
                      00173 
                      00174 ; ==============================================================================
                      00175 ;  ESTADO 3: SECANDO
                      00176 ;  MS encendido. LED Secando activo.
                      00177 ;  Fallo si: SB=1 o SPA=1
                      00178 ; ==============================================================================
0048                  00179 ESTADO_SECANDO:
0048   3022           00180     MOVLW   b'00100010'
0049   0086           00181     MOVWF   PORTB
                      00182 
004A   1905           00183     BTFSC   SB
004B   2852           00184     GOTO    IR_A_ALARMA
                      00185 
004C   1805           00186     BTFSC   SPA
004D   2852           00187     GOTO    IR_A_ALARMA
                      00188 
004E   2810           00189     GOTO    MAIN_LOOP
                      00190 
                      00191 ; ==============================================================================
                      00192 ;  ESTADO 4: ALARMA
                      00193 ;  Motores apagados. LED Alarma activo. Espera reset.
                      00194 ; ==============================================================================
004F                  00195 ESTADO_ALARMA_LOOP:
004F   3040           00196     MOVLW   b'01000000'
0050   0086           00197     MOVWF   PORTB
0051   284F           00198     GOTO    ESTADO_ALARMA_LOOP
                      00199 
MPASM  5.39                          LAVA.ASM   5-19-2026  21:59:19         PAGE  5


LOC  OBJECT CODE     LINE SOURCE TEXT
  VALUE

                      00200 ; ==============================================================================
                      00201 ;  SUBRUTINA: IR_A_ALARMA
                      00202 ; ==============================================================================
0052                  00203 IR_A_ALARMA:
0052   0186           00204     CLRF    PORTB
0053   1706           00205     BSF     LED_ALARMA
0054   3004           00206     MOVLW   ALARMA
0055   00A0           00207     MOVWF   ESTADO
0056   2810           00208     GOTO    MAIN_LOOP
                      00209 
                      00210 ; ==============================================================================
                      00211 ;  SUBRUTINA: RETARDO_5SEG (~5 segundos a 4 MHz)
                      00212 ; ==============================================================================
0057                  00213 RETARDO_5SEG:
0057   3019           00214     MOVLW   .25
0058   00A1           00215     MOVWF   DELAY1
0059   30C8           00216 D1: MOVLW   .200
005A   00A2           00217     MOVWF   DELAY2
005B   30FA           00218 D2: MOVLW   .250
005C   00A3           00219     MOVWF   DELAY3
005D   0BA3           00220 D3: DECFSZ  DELAY3,F
005E   285D           00221     GOTO    D3
005F   0BA2           00222     DECFSZ  DELAY2,F
0060   285B           00223     GOTO    D2
0061   0BA1           00224     DECFSZ  DELAY1,F
0062   2859           00225     GOTO    D1
0063   0008           00226     RETURN
                      00227 
                      00228     END
MPASM  5.39                          LAVA.ASM   5-19-2026  21:59:19         PAGE  6


SYMBOL TABLE
  LABEL                             VALUE 

ACKDT                             00000005
ACKEN                             00000004
ACKSTAT                           00000006
ADCON0                            0000001F
ADCON1                            0000009F
ADCS0                             00000006
ADCS1                             00000007
ADCS2                             00000006
ADDEN                             00000003
ADFM                              00000007
ADIE                              00000006
ADIF                              00000006
ADON                              00000000
ADRESH                            0000001E
ADRESL                            0000009E
AGUA_DRENADA                      00000035
ALARMA                            00000004
BCLIE                             00000003
BCLIF                             00000003
BF                                00000000
BRGH                              00000002
C                                 00000000
C1INV                             00000004
C1OUT                             00000006
C2INV                             00000005
C2OUT                             00000007
CCP1CON                           00000017
CCP1IE                            00000002
CCP1IF                            00000002
CCP1M0                            00000000
CCP1M1                            00000001
CCP1M2                            00000002
CCP1M3                            00000003
CCP1X                             00000005
CCP1Y                             00000004
CCP2CON                           0000001D
CCP2IE                            00000000
CCP2IF                            00000000
CCP2M0                            00000000
CCP2M1                            00000001
CCP2M2                            00000002
CCP2M3                            00000003
CCP2X                             00000005
CCP2Y                             00000004
CCPR1                             00000015
CCPR1H                            00000016
CCPR1L                            00000015
CCPR2                             0000001B
CCPR2H                            0000001C
CCPR2L                            0000001B
CHS0                              00000003
CHS1                              00000004
CHS2                              00000005
MPASM  5.39                          LAVA.ASM   5-19-2026  21:59:19         PAGE  7


SYMBOL TABLE
  LABEL                             VALUE 

CIS                               00000003
CKE                               00000006
CKP                               00000004
CM0                               00000000
CM1                               00000001
CM2                               00000002
CMCON                             0000009C
CMIE                              00000006
CMIF                              00000006
CREN                              00000004
CSRC                              00000007
CVR0                              00000000
CVR1                              00000001
CVR2                              00000002
CVR3                              00000003
CVRCON                            0000009D
CVREN                             00000007
CVROE                             00000006
CVRR                              00000005
D                                 00000005
D1                                00000059
D2                                0000005B
D3                                0000005D
DATA_ADDRESS                      00000005
DC                                00000001
DELAY1                            00000021
DELAY2                            00000022
DELAY3                            00000023
D_A                               00000005
D_NOT_A                           00000005
EEADR                             0000010D
EEADRH                            0000010F
EECON1                            0000018C
EECON2                            0000018D
EEDATA                            0000010C
EEDATH                            0000010E
EEIE                              00000004
EEIF                              00000004
EEPGD                             00000007
ESPERAR_PUERTA                    00000042
ESTADO                            00000020
ESTADO_ALARMA_LOOP                0000004F
ESTADO_LAVANDO                    0000002E
ESTADO_LISTA_SECAR                00000038
ESTADO_REPOSO                     00000025
ESTADO_SECANDO                    00000048
F                                 00000001
FERR                              00000002
FSR                               00000004
GCEN                              00000007
GIE                               00000007
GO                                00000002
GO_DONE                           00000002
MPASM  5.39                          LAVA.ASM   5-19-2026  21:59:19         PAGE  8


SYMBOL TABLE
  LABEL                             VALUE 

GO_NOT_DONE                       00000002
I2C_DATA                          00000005
I2C_READ                          00000002
I2C_START                         00000003
I2C_STOP                          00000004
IBF                               00000007
IBOV                              00000005
INDF                              00000000
INICIO                            00000005
INTCON                            0000000B
INTE                              00000004
INTEDG                            00000006
INTF                              00000001
IRP                               00000007
IR_A_ALARMA                       00000052
LAVANDO                           00000001
LED_ALARMA                        PORTB,6
LED_LAVANDO                       PORTB,3
LED_LISTA                         PORTB,4
LED_PUERTA                        PORTB,2
LED_SECANDO                       PORTB,5
LISTA_SECAR                       00000002
MAIN_LOOP                         00000010
ML                                PORTB,0
MS                                PORTB,1
NOT_A                             00000005
NOT_ADDRESS                       00000005
NOT_BO                            00000000
NOT_BOR                           00000000
NOT_DONE                          00000002
NOT_PD                            00000003
NOT_POR                           00000001
NOT_RBPU                          00000007
NOT_RC8                           00000006
NOT_T1SYNC                        00000002
NOT_TO                            00000004
NOT_TX8                           00000006
NOT_W                             00000002
NOT_WRITE                         00000002
OBF                               00000006
OERR                              00000001
OPTION_REG                        00000081
P                                 00000004
PCFG0                             00000000
PCFG1                             00000001
PCFG2                             00000002
PCFG3                             00000003
PCL                               00000002
PCLATH                            0000000A
PCON                              0000008E
PEIE                              00000006
PEN                               00000002
PIE1                              0000008C
MPASM  5.39                          LAVA.ASM   5-19-2026  21:59:19         PAGE  9


SYMBOL TABLE
  LABEL                             VALUE 

PIE2                              0000008D
PIR1                              0000000C
PIR2                              0000000D
PORTA                             00000005
PORTB                             00000006
PORTC                             00000007
PORTD                             00000008
PORTE                             00000009
PR2                               00000092
PS0                               00000000
PS1                               00000001
PS2                               00000002
PSA                               00000003
PSPIE                             00000007
PSPIF                             00000007
PSPMODE                           00000004
R                                 00000002
RA0                               00000000
RA1                               00000001
RA2                               00000002
RA3                               00000003
RA4                               00000004
RA5                               00000005
RB0                               00000000
RB1                               00000001
RB2                               00000002
RB3                               00000003
RB4                               00000004
RB5                               00000005
RB6                               00000006
RB7                               00000007
RBIE                              00000003
RBIF                              00000000
RC0                               00000000
RC1                               00000001
RC2                               00000002
RC3                               00000003
RC4                               00000004
RC5                               00000005
RC6                               00000006
RC7                               00000007
RC8_9                             00000006
RC9                               00000006
RCD8                              00000000
RCEN                              00000003
RCIE                              00000005
RCIF                              00000005
RCREG                             0000001A
RCSTA                             00000018
RD                                00000000
RD0                               00000000
RD1                               00000001
RD2                               00000002
MPASM  5.39                          LAVA.ASM   5-19-2026  21:59:19         PAGE 10


SYMBOL TABLE
  LABEL                             VALUE 

RD3                               00000003
RD4                               00000004
RD5                               00000005
RD6                               00000006
RD7                               00000007
RE0                               00000000
RE1                               00000001
RE2                               00000002
READ_WRITE                        00000002
REPOSO                            00000000
RETARDO_5SEG                      00000057
RP0                               00000005
RP1                               00000006
RSEN                              00000001
RX9                               00000006
RX9D                              00000000
R_NOT_W                           00000002
R_W                               00000002
S                                 00000003
SB                                PORTA,2
SECANDO                           00000003
SEN                               00000000
SMP                               00000007
SNA                               PORTA,1
SPA                               PORTA,0
SPBRG                             00000099
SPEN                              00000007
SREN                              00000005
SSPADD                            00000093
SSPBUF                            00000013
SSPCON                            00000014
SSPCON2                           00000091
SSPEN                             00000005
SSPIE                             00000003
SSPIF                             00000003
SSPM0                             00000000
SSPM1                             00000001
SSPM2                             00000002
SSPM3                             00000003
SSPOV                             00000006
SSPSTAT                           00000094
STATUS                            00000003
SYNC                              00000004
T0CS                              00000005
T0IE                              00000005
T0IF                              00000002
T0SE                              00000004
T1CKPS0                           00000004
T1CKPS1                           00000005
T1CON                             00000010
T1INSYNC                          00000002
T1OSCEN                           00000003
T1SYNC                            00000002
MPASM  5.39                          LAVA.ASM   5-19-2026  21:59:19         PAGE 11


SYMBOL TABLE
  LABEL                             VALUE 

T2CKPS0                           00000000
T2CKPS1                           00000001
T2CON                             00000012
TMR0                              00000001
TMR0IE                            00000005
TMR0IF                            00000002
TMR1CS                            00000001
TMR1H                             0000000F
TMR1IE                            00000000
TMR1IF                            00000000
TMR1L                             0000000E
TMR1ON                            00000000
TMR2                              00000011
TMR2IE                            00000001
TMR2IF                            00000001
TMR2ON                            00000002
TOUTPS0                           00000003
TOUTPS1                           00000004
TOUTPS2                           00000005
TOUTPS3                           00000006
TRISA                             00000085
TRISA0                            00000000
TRISA1                            00000001
TRISA2                            00000002
TRISA3                            00000003
TRISA4                            00000004
TRISA5                            00000005
TRISB                             00000086
TRISB0                            00000000
TRISB1                            00000001
TRISB2                            00000002
TRISB3                            00000003
TRISB4                            00000004
TRISB5                            00000005
TRISB6                            00000006
TRISB7                            00000007
TRISC                             00000087
TRISC0                            00000000
TRISC1                            00000001
TRISC2                            00000002
TRISC3                            00000003
TRISC4                            00000004
TRISC5                            00000005
TRISC6                            00000006
TRISC7                            00000007
TRISD                             00000088
TRISD0                            00000000
TRISD1                            00000001
TRISD2                            00000002
TRISD3                            00000003
TRISD4                            00000004
TRISD5                            00000005
TRISD6                            00000006
MPASM  5.39                          LAVA.ASM   5-19-2026  21:59:19         PAGE 12


SYMBOL TABLE
  LABEL                             VALUE 

TRISD7                            00000007
TRISE                             00000089
TRISE0                            00000000
TRISE1                            00000001
TRISE2                            00000002
TRMT                              00000001
TX8_9                             00000006
TX9                               00000006
TX9D                              00000000
TXD8                              00000000
TXEN                              00000005
TXIE                              00000004
TXIF                              00000004
TXREG                             00000019
TXSTA                             00000098
UA                                00000001
W                                 00000000
WCOL                              00000007
WR                                00000001
WREN                              00000002
WRERR                             00000003
Z                                 00000002
_BODEN_OFF                        00003FBF
_BODEN_ON                         00003FFF
_CONFIG                           00002007
_CPD_OFF                          00003FFF
_CPD_ON                           00003EFF
_CP_ALL                           00001FFF
_CP_OFF                           00003FFF
_DEBUG_OFF                        00003FFF
_DEBUG_ON                         000037FF
_DEVID1                           00002006
_HS_OSC                           00003FFE
_IDLOC0                           00002000
_IDLOC1                           00002001
_IDLOC2                           00002002
_IDLOC3                           00002003
_LP_OSC                           00003FFC
_LVP_OFF                          00003F7F
_LVP_ON                           00003FFF
_PWRTE_OFF                        00003FFF
_PWRTE_ON                         00003FF7
_RC_OSC                           00003FFF
_WDT_OFF                          00003FFB
_WDT_ON                           00003FFF
_WRT_1FOURTH                      00003BFF
_WRT_256                          00003DFF
_WRT_HALF                         000039FF
_WRT_OFF                          00003FFF
_XT_OSC                           00003FFD
__16F877A                         00000001
MPASM  5.39                          LAVA.ASM   5-19-2026  21:59:19         PAGE 13


MEMORY USAGE MAP ('X' = Used,  '-' = Unused)


0000 : X---XXXXXXXXXXXX XXXXXXXXXXXXXXXX XXXXXXXXXXXXXXXX XXXXXXXXXXXXXXXX
0040 : XXXXXXXXXXXXXXXX XXXXXXXXXXXXXXXX XXXX------------ ----------------
2000 : -------X-------- ---------------- ---------------- ----------------

All other memory blocks unused.

Program Memory Words Used:    97
Program Memory Words Free:  8095


Errors   :     0
Warnings :     0 reported,     0 suppressed
Messages :     4 reported,     0 suppressed

