Warning[205] C:\USERS\FREEM\DESKTOP\MICROS_WOO\P5\CONSTANTES.ASM 1 : Found directive in column 1. (LIST)
Warning[205] C:\USERS\FREEM\DESKTOP\MICROS_WOO\P5\CONSTANTES.ASM 2 : Found directive in column 1. (INCLUDE)
Warning[205] C:\USERS\FREEM\DESKTOP\MICROS_WOO\P5\CONSTANTES.ASM 3 : Found directive in column 1. (__CONFIG)
Warning[205] C:\USERS\FREEM\DESKTOP\MICROS_WOO\P5\CONSTANTES.ASM 5 : Found directive in column 1. (CBLOCK)
Warning[205] C:\USERS\FREEM\DESKTOP\MICROS_WOO\P5\CONSTANTES.ASM 10 : Found directive in column 1. (ENDC)
Warning[205] C:\USERS\FREEM\DESKTOP\MICROS_WOO\P5\CONSTANTES.ASM 12 : Found directive in column 1. (ORG)
Warning[203] C:\USERS\FREEM\DESKTOP\MICROS_WOO\P5\CONSTANTES.ASM 15 : Found opcode in column 1. (BSF)
Warning[203] C:\USERS\FREEM\DESKTOP\MICROS_WOO\P5\CONSTANTES.ASM 16 : Found opcode in column 1. (CLRF)
Message[302] C:\USERS\FREEM\DESKTOP\MICROS_WOO\P5\CONSTANTES.ASM 16 : Register in operand not in bank 0.  Ensure that bank bits are correct.
Warning[203] C:\USERS\FREEM\DESKTOP\MICROS_WOO\P5\CONSTANTES.ASM 17 : Found opcode in column 1. (CLRF)
Message[302] C:\USERS\FREEM\DESKTOP\MICROS_WOO\P5\CONSTANTES.ASM 17 : Register in operand not in bank 0.  Ensure that bank bits are correct.
Warning[203] C:\USERS\FREEM\DESKTOP\MICROS_WOO\P5\CONSTANTES.ASM 18 : Found opcode in column 1. (BSF)
Message[302] C:\USERS\FREEM\DESKTOP\MICROS_WOO\P5\CONSTANTES.ASM 18 : Register in operand not in bank 0.  Ensure that bank bits are correct.
Warning[203] C:\USERS\FREEM\DESKTOP\MICROS_WOO\P5\CONSTANTES.ASM 19 : Found opcode in column 1. (BCF)
Warning[203] C:\USERS\FREEM\DESKTOP\MICROS_WOO\P5\CONSTANTES.ASM 22 : Found opcode in column 1. (MOVLW)
Warning[203] C:\USERS\FREEM\DESKTOP\MICROS_WOO\P5\CONSTANTES.ASM 23 : Found opcode in column 1. (MOVWF)
Warning[203] C:\USERS\FREEM\DESKTOP\MICROS_WOO\P5\CONSTANTES.ASM 25 : Found opcode in column 1. (MOVLW)
Warning[203] C:\USERS\FREEM\DESKTOP\MICROS_WOO\P5\CONSTANTES.ASM 26 : Found opcode in column 1. (MOVWF)
Warning[203] C:\USERS\FREEM\DESKTOP\MICROS_WOO\P5\CONSTANTES.ASM 29 : Found opcode in column 1. (MOVF)
Warning[203] C:\USERS\FREEM\DESKTOP\MICROS_WOO\P5\CONSTANTES.ASM 30 : Found opcode in column 1. (SUBWF)
Warning[203] C:\USERS\FREEM\DESKTOP\MICROS_WOO\P5\CONSTANTES.ASM 32 : Found opcode in column 1. (BTFSC)
Warning[203] C:\USERS\FREEM\DESKTOP\MICROS_WOO\P5\CONSTANTES.ASM 33 : Found opcode in column 1. (GOTO)
Warning[203] C:\USERS\FREEM\DESKTOP\MICROS_WOO\P5\CONSTANTES.ASM 36 : Found opcode in column 1. (MOVF)
Warning[203] C:\USERS\FREEM\DESKTOP\MICROS_WOO\P5\CONSTANTES.ASM 37 : Found opcode in column 1. (MOVWF)
Warning[203] C:\USERS\FREEM\DESKTOP\MICROS_WOO\P5\CONSTANTES.ASM 39 : Found opcode in column 1. (MOVF)
Warning[203] C:\USERS\FREEM\DESKTOP\MICROS_WOO\P5\CONSTANTES.ASM 40 : Found opcode in column 1. (MOVWF)
Warning[203] C:\USERS\FREEM\DESKTOP\MICROS_WOO\P5\CONSTANTES.ASM 41 : Found opcode in column 1. (GOTO)
Warning[203] C:\USERS\FREEM\DESKTOP\MICROS_WOO\P5\CONSTANTES.ASM 44 : Found opcode in column 1. (MOVF)
Warning[203] C:\USERS\FREEM\DESKTOP\MICROS_WOO\P5\CONSTANTES.ASM 45 : Found opcode in column 1. (MOVWF)
Warning[203] C:\USERS\FREEM\DESKTOP\MICROS_WOO\P5\CONSTANTES.ASM 47 : Found opcode in column 1. (MOVF)
Warning[203] C:\USERS\FREEM\DESKTOP\MICROS_WOO\P5\CONSTANTES.ASM 48 : Found opcode in column 1. (MOVWF)
Warning[205] C:\USERS\FREEM\DESKTOP\MICROS_WOO\P5\CONSTANTES.ASM 78 : Found directive in column 1. (END)
