MPASM  5.39                    SUMA_RESTA.ASM   4-19-2026  2:49:36         PAGE  1


LOC  OBJECT CODE     LINE SOURCE TEXT
  VALUE

Warning[205]: Found directive in column 1. (LIST)
                      00001 LIST p=16F877A
Warning[205]: Found directive in column 1. (INCLUDE)
                      00002 INCLUDE <p16F877A.inc>
                      00001         LIST
                      00002 
                      00003 ;==========================================================================
                      00004 ;  MPASM PIC16F877A processor include
                      00005 ; 
                      00006 ;  (c) Copyright 1999-2010 Microchip Technology, All rights reserved
                      00007 ;==========================================================================
                      00008 
                      00555         LIST
                      00003 
Warning[205]: Found directive in column 1. (__CONFIG)
2007   3F31           00004 __CONFIG  _XT_OSC & _WDT_OFF & _PWRTE_ON & _BODEN_OFF & _LVP_OFF
                      00005 
                      00006 
                      00007 
Warning[205]: Found directive in column 1. (ORG)
0000                  00008 ORG 0x00
                      00009 
                      00010 
Warning[205]: Found directive in column 1. (CBLOCK)
                      00011 CBLOCK 0x20
  00000020            00012 VAR
  00000021            00013 VAR2
                      00014 
Warning[205]: Found directive in column 1. (ENDC)
                      00015 ENDC
                      00016 
0000                  00017 CONFIGURACION
Warning[203]: Found opcode in column 1. (BSF)
0000   1683           00018 BSF STATUS, RP0
Warning[203]: Found opcode in column 1. (MOVLW)
0001   301F           00019 MOVLW b'00011111'
Warning[203]: Found opcode in column 1. (MOVWF)
Message[302]: Register in operand not in bank 0.  Ensure that bank bits are correct.
0002   0086           00020 MOVWF TRISB
Warning[203]: Found opcode in column 1. (MOVLW)
0003   3000           00021 MOVLW 0x00
Warning[203]: Found opcode in column 1. (MOVWF)
Message[302]: Register in operand not in bank 0.  Ensure that bank bits are correct.
0004   0087           00022 MOVWF TRISC
Warning[203]: Found opcode in column 1. (BCF)
0005   1283           00023 BCF STATUS, RP0
Warning[203]: Found opcode in column 1. (MOVLW)
0006   3000           00024 MOVLW 0x00
Warning[203]: Found opcode in column 1. (MOVWF)
0007   0087           00025 MOVWF PORTC
                      00026 
Warning[203]: Found opcode in column 1. (MOVLW)
0008   3001           00027 MOVLW 0x01
MPASM  5.39                    SUMA_RESTA.ASM   4-19-2026  2:49:36         PAGE  2


LOC  OBJECT CODE     LINE SOURCE TEXT
  VALUE

Warning[203]: Found opcode in column 1. (MOVWF)
0009   00A1           00028 MOVWF VAR2
                      00029 
                      00030 
000A                  00031 MAIN
Warning[203]: Found opcode in column 1. (BTFSC)
000A   1806           00032 BTFSC   PORTB,0
Warning[203]: Found opcode in column 1. (GOTO)
000B   2815           00033 GOTO RB0_SUMA3
                      00034 
Warning[203]: Found opcode in column 1. (BTFSC)
000C   1886           00035 BTFSC   PORTB,1
Warning[203]: Found opcode in column 1. (GOTO)
000D   281B           00036 GOTO RB1_RESTA2
                      00037 
                      00038 
Warning[203]: Found opcode in column 1. (BTFSC)
000E   1906           00039 BTFSC   PORTB,2
Warning[203]: Found opcode in column 1. (GOTO)
000F   2820           00040 GOTO RB2_OFF
                      00041 
                      00042 
Warning[203]: Found opcode in column 1. (BTFSC)
0010   1986           00043 BTFSC   PORTB,3
Warning[203]: Found opcode in column 1. (GOTO)
0011   2823           00044 GOTO RB3_ON1
                      00045 
Warning[203]: Found opcode in column 1. (BTFSC)
0012   1A06           00046 BTFSC   PORTB,4
Warning[203]: Found opcode in column 1. (GOTO)
0013   2828           00047 GOTO RB4_OFF1
                      00048 
Warning[203]: Found opcode in column 1. (goto)
0014   280A           00049 goto MAIN
                      00050 
                      00051 ;Suma de 3 en 3 en hexadecimal para pasarlo a binario y mostrarlo en el puerto C
0015                  00052 RB0_SUMA3
Warning[203]: Found opcode in column 1. (INCF)
0015   0AA0           00053 INCF VAR, F
Warning[203]: Found opcode in column 1. (INCF)
0016   0AA0           00054 INCF VAR, F
Warning[203]: Found opcode in column 1. (INCF)
0017   0AA0           00055 INCF VAR, F
                      00056 
Warning[203]: Found opcode in column 1. (MOVF)
0018   0820           00057 MOVF VAR, W
Warning[203]: Found opcode in column 1. (MOVWF)
0019   0087           00058 MOVWF PORTC
                      00059 
Warning[203]: Found opcode in column 1. (GOTO)
001A   280A           00060 GOTO MAIN
                      00061 
                      00062 ;Resta lo que haya en el puerto C de 2 en 2
MPASM  5.39                    SUMA_RESTA.ASM   4-19-2026  2:49:36         PAGE  3


LOC  OBJECT CODE     LINE SOURCE TEXT
  VALUE

001B                  00063 RB1_RESTA2
Warning[203]: Found opcode in column 1. (DECF)
001B   03A0           00064 DECF VAR, F
Warning[203]: Found opcode in column 1. (DECF)
001C   03A0           00065 DECF VAR, F
                      00066 
Warning[203]: Found opcode in column 1. (MOVF)
001D   0820           00067 MOVF VAR, W
Warning[203]: Found opcode in column 1. (MOVWF)
001E   0087           00068 MOVWF PORTC
Warning[203]: Found opcode in column 1. (GOTO)
001F   280A           00069 GOTO MAIN
                      00070 
                      00071 ;Apaga todos los leds de el puerto C
0020                  00072 RB2_OFF
Warning[203]: Found opcode in column 1. (MOVLW)
0020   3000           00073 MOVLW 0x00
Warning[203]: Found opcode in column 1. (MOVWF)
0021   0087           00074 MOVWF PORTC
Warning[203]: Found opcode in column 1. (goto)
0022   280A           00075 goto MAIN
                      00076 
                      00077 ;Enciende led por led en el puerto C
0023                  00078 RB3_ON1
Warning[203]: Found opcode in column 1. (MOVF)
0023   0821           00079 MOVF VAR2,W
Warning[203]: Found opcode in column 1. (MOVWF)
0024   0087           00080 MOVWF PORTC
                      00081 
                      00082 
Warning[203]: Found opcode in column 1. (RLF)
0025   0DA1           00083 RLF VAR2, F
Warning[203]: Found opcode in column 1. (BSF)
0026   1421           00084 BSF VAR2, W
                      00085 
Warning[203]: Found opcode in column 1. (GOTO)
0027   280A           00086 GOTO MAIN
                      00087 
                      00088 
                      00089 ;Apaga led por led en el puerto C
0028                  00090 RB4_OFF1
Warning[203]: Found opcode in column 1. (MOVF)
0028   0821           00091 MOVF VAR2, W
Warning[203]: Found opcode in column 1. (MOVWF)
0029   0087           00092 MOVWF PORTC
                      00093 
Warning[203]: Found opcode in column 1. (BCF)
002A   1003           00094 BCF STATUS, C
Warning[203]: Found opcode in column 1. (RRF)
002B   0CA1           00095 RRF VAR2, F
Warning[203]: Found opcode in column 1. (GOTO)
002C   280A           00096 GOTO MAIN
Warning[205]: Found directive in column 1. (END)
MPASM  5.39                    SUMA_RESTA.ASM   4-19-2026  2:49:36         PAGE  4


LOC  OBJECT CODE     LINE SOURCE TEXT
  VALUE

                      00097 END
MPASM  5.39                    SUMA_RESTA.ASM   4-19-2026  2:49:36         PAGE  5


SYMBOL TABLE
  LABEL                             VALUE 

ACKDT                             00000005
ACKEN                             00000004
ACKSTAT                           00000006
ADCON0                            0000001F
ADCON1                            0000009F
ADCS0                             00000006
ADCS1                             00000007
ADCS2                             00000006
ADDEN                             00000003
ADFM                              00000007
ADIE                              00000006
ADIF                              00000006
ADON                              00000000
ADRESH                            0000001E
ADRESL                            0000009E
BCLIE                             00000003
BCLIF                             00000003
BF                                00000000
BRGH                              00000002
C                                 00000000
C1INV                             00000004
C1OUT                             00000006
C2INV                             00000005
C2OUT                             00000007
CCP1CON                           00000017
CCP1IE                            00000002
CCP1IF                            00000002
CCP1M0                            00000000
CCP1M1                            00000001
CCP1M2                            00000002
CCP1M3                            00000003
CCP1X                             00000005
CCP1Y                             00000004
CCP2CON                           0000001D
CCP2IE                            00000000
CCP2IF                            00000000
CCP2M0                            00000000
CCP2M1                            00000001
CCP2M2                            00000002
CCP2M3                            00000003
CCP2X                             00000005
CCP2Y                             00000004
CCPR1                             00000015
CCPR1H                            00000016
CCPR1L                            00000015
CCPR2                             0000001B
CCPR2H                            0000001C
CCPR2L                            0000001B
CHS0                              00000003
CHS1                              00000004
CHS2                              00000005
CIS                               00000003
CKE                               00000006
MPASM  5.39                    SUMA_RESTA.ASM   4-19-2026  2:49:36         PAGE  6


SYMBOL TABLE
  LABEL                             VALUE 

CKP                               00000004
CM0                               00000000
CM1                               00000001
CM2                               00000002
CMCON                             0000009C
CMIE                              00000006
CMIF                              00000006
CONFIGURACION                     00000000
CREN                              00000004
CSRC                              00000007
CVR0                              00000000
CVR1                              00000001
CVR2                              00000002
CVR3                              00000003
CVRCON                            0000009D
CVREN                             00000007
CVROE                             00000006
CVRR                              00000005
D                                 00000005
DATA_ADDRESS                      00000005
DC                                00000001
D_A                               00000005
D_NOT_A                           00000005
EEADR                             0000010D
EEADRH                            0000010F
EECON1                            0000018C
EECON2                            0000018D
EEDATA                            0000010C
EEDATH                            0000010E
EEIE                              00000004
EEIF                              00000004
EEPGD                             00000007
F                                 00000001
FERR                              00000002
FSR                               00000004
GCEN                              00000007
GIE                               00000007
GO                                00000002
GO_DONE                           00000002
GO_NOT_DONE                       00000002
I2C_DATA                          00000005
I2C_READ                          00000002
I2C_START                         00000003
I2C_STOP                          00000004
IBF                               00000007
IBOV                              00000005
INDF                              00000000
INTCON                            0000000B
INTE                              00000004
INTEDG                            00000006
INTF                              00000001
IRP                               00000007
MAIN                              0000000A
MPASM  5.39                    SUMA_RESTA.ASM   4-19-2026  2:49:36         PAGE  7


SYMBOL TABLE
  LABEL                             VALUE 

NOT_A                             00000005
NOT_ADDRESS                       00000005
NOT_BO                            00000000
NOT_BOR                           00000000
NOT_DONE                          00000002
NOT_PD                            00000003
NOT_POR                           00000001
NOT_RBPU                          00000007
NOT_RC8                           00000006
NOT_T1SYNC                        00000002
NOT_TO                            00000004
NOT_TX8                           00000006
NOT_W                             00000002
NOT_WRITE                         00000002
OBF                               00000006
OERR                              00000001
OPTION_REG                        00000081
P                                 00000004
PCFG0                             00000000
PCFG1                             00000001
PCFG2                             00000002
PCFG3                             00000003
PCL                               00000002
PCLATH                            0000000A
PCON                              0000008E
PEIE                              00000006
PEN                               00000002
PIE1                              0000008C
PIE2                              0000008D
PIR1                              0000000C
PIR2                              0000000D
PORTA                             00000005
PORTB                             00000006
PORTC                             00000007
PORTD                             00000008
PORTE                             00000009
PR2                               00000092
PS0                               00000000
PS1                               00000001
PS2                               00000002
PSA                               00000003
PSPIE                             00000007
PSPIF                             00000007
PSPMODE                           00000004
R                                 00000002
RA0                               00000000
RA1                               00000001
RA2                               00000002
RA3                               00000003
RA4                               00000004
RA5                               00000005
RB0                               00000000
RB0_SUMA3                         00000015
MPASM  5.39                    SUMA_RESTA.ASM   4-19-2026  2:49:36         PAGE  8


SYMBOL TABLE
  LABEL                             VALUE 

RB1                               00000001
RB1_RESTA2                        0000001B
RB2                               00000002
RB2_OFF                           00000020
RB3                               00000003
RB3_ON1                           00000023
RB4                               00000004
RB4_OFF1                          00000028
RB5                               00000005
RB6                               00000006
RB7                               00000007
RBIE                              00000003
RBIF                              00000000
RC0                               00000000
RC1                               00000001
RC2                               00000002
RC3                               00000003
RC4                               00000004
RC5                               00000005
RC6                               00000006
RC7                               00000007
RC8_9                             00000006
RC9                               00000006
RCD8                              00000000
RCEN                              00000003
RCIE                              00000005
RCIF                              00000005
RCREG                             0000001A
RCSTA                             00000018
RD                                00000000
RD0                               00000000
RD1                               00000001
RD2                               00000002
RD3                               00000003
RD4                               00000004
RD5                               00000005
RD6                               00000006
RD7                               00000007
RE0                               00000000
RE1                               00000001
RE2                               00000002
READ_WRITE                        00000002
RP0                               00000005
RP1                               00000006
RSEN                              00000001
RX9                               00000006
RX9D                              00000000
R_NOT_W                           00000002
R_W                               00000002
S                                 00000003
SEN                               00000000
SMP                               00000007
SPBRG                             00000099
MPASM  5.39                    SUMA_RESTA.ASM   4-19-2026  2:49:36         PAGE  9


SYMBOL TABLE
  LABEL                             VALUE 

SPEN                              00000007
SREN                              00000005
SSPADD                            00000093
SSPBUF                            00000013
SSPCON                            00000014
SSPCON2                           00000091
SSPEN                             00000005
SSPIE                             00000003
SSPIF                             00000003
SSPM0                             00000000
SSPM1                             00000001
SSPM2                             00000002
SSPM3                             00000003
SSPOV                             00000006
SSPSTAT                           00000094
STATUS                            00000003
SYNC                              00000004
T0CS                              00000005
T0IE                              00000005
T0IF                              00000002
T0SE                              00000004
T1CKPS0                           00000004
T1CKPS1                           00000005
T1CON                             00000010
T1INSYNC                          00000002
T1OSCEN                           00000003
T1SYNC                            00000002
T2CKPS0                           00000000
T2CKPS1                           00000001
T2CON                             00000012
TMR0                              00000001
TMR0IE                            00000005
TMR0IF                            00000002
TMR1CS                            00000001
TMR1H                             0000000F
TMR1IE                            00000000
TMR1IF                            00000000
TMR1L                             0000000E
TMR1ON                            00000000
TMR2                              00000011
TMR2IE                            00000001
TMR2IF                            00000001
TMR2ON                            00000002
TOUTPS0                           00000003
TOUTPS1                           00000004
TOUTPS2                           00000005
TOUTPS3                           00000006
TRISA                             00000085
TRISA0                            00000000
TRISA1                            00000001
TRISA2                            00000002
TRISA3                            00000003
TRISA4                            00000004
MPASM  5.39                    SUMA_RESTA.ASM   4-19-2026  2:49:36         PAGE 10


SYMBOL TABLE
  LABEL                             VALUE 

TRISA5                            00000005
TRISB                             00000086
TRISB0                            00000000
TRISB1                            00000001
TRISB2                            00000002
TRISB3                            00000003
TRISB4                            00000004
TRISB5                            00000005
TRISB6                            00000006
TRISB7                            00000007
TRISC                             00000087
TRISC0                            00000000
TRISC1                            00000001
TRISC2                            00000002
TRISC3                            00000003
TRISC4                            00000004
TRISC5                            00000005
TRISC6                            00000006
TRISC7                            00000007
TRISD                             00000088
TRISD0                            00000000
TRISD1                            00000001
TRISD2                            00000002
TRISD3                            00000003
TRISD4                            00000004
TRISD5                            00000005
TRISD6                            00000006
TRISD7                            00000007
TRISE                             00000089
TRISE0                            00000000
TRISE1                            00000001
TRISE2                            00000002
TRMT                              00000001
TX8_9                             00000006
TX9                               00000006
TX9D                              00000000
TXD8                              00000000
TXEN                              00000005
TXIE                              00000004
TXIF                              00000004
TXREG                             00000019
TXSTA                             00000098
UA                                00000001
VAR                               00000020
VAR2                              00000021
W                                 00000000
WCOL                              00000007
WR                                00000001
WREN                              00000002
WRERR                             00000003
Z                                 00000002
_BODEN_OFF                        00003FBF
_BODEN_ON                         00003FFF
MPASM  5.39                    SUMA_RESTA.ASM   4-19-2026  2:49:36         PAGE 11


SYMBOL TABLE
  LABEL                             VALUE 

_CONFIG                           00002007
_CPD_OFF                          00003FFF
_CPD_ON                           00003EFF
_CP_ALL                           00001FFF
_CP_OFF                           00003FFF
_DEBUG_OFF                        00003FFF
_DEBUG_ON                         000037FF
_DEVID1                           00002006
_HS_OSC                           00003FFE
_IDLOC0                           00002000
_IDLOC1                           00002001
_IDLOC2                           00002002
_IDLOC3                           00002003
_LP_OSC                           00003FFC
_LVP_OFF                          00003F7F
_LVP_ON                           00003FFF
_PWRTE_OFF                        00003FFF
_PWRTE_ON                         00003FF7
_RC_OSC                           00003FFF
_WDT_OFF                          00003FFB
_WDT_ON                           00003FFF
_WRT_1FOURTH                      00003BFF
_WRT_256                          00003DFF
_WRT_HALF                         000039FF
_WRT_OFF                          00003FFF
_XT_OSC                           00003FFD
__16F877A                         00000001


MEMORY USAGE MAP ('X' = Used,  '-' = Unused)

0000 : XXXXXXXXXXXXXXXX XXXXXXXXXXXXXXXX XXXXXXXXXXXXX--- ----------------
2000 : -------X-------- ---------------- ---------------- ----------------

All other memory blocks unused.

Program Memory Words Used:    45
Program Memory Words Free:  8147


Errors   :     0
Warnings :    52 reported,     0 suppressed
Messages :     2 reported,     0 suppressed

