Warning[205] C:\USERS\FREEM\DESKTOP\MICROS_WOO\P4\SUMA_RESTA.ASM 1 : Found directive in column 1. (LIST)
Warning[205] C:\USERS\FREEM\DESKTOP\MICROS_WOO\P4\SUMA_RESTA.ASM 2 : Found directive in column 1. (INCLUDE)
Warning[205] C:\USERS\FREEM\DESKTOP\MICROS_WOO\P4\SUMA_RESTA.ASM 4 : Found directive in column 1. (__CONFIG)
Warning[205] C:\USERS\FREEM\DESKTOP\MICROS_WOO\P4\SUMA_RESTA.ASM 8 : Found directive in column 1. (ORG)
Warning[205] C:\USERS\FREEM\DESKTOP\MICROS_WOO\P4\SUMA_RESTA.ASM 9 : Found directive in column 1. (EQU)
Error[111]   C:\USERS\FREEM\DESKTOP\MICROS_WOO\P4\SUMA_RESTA.ASM 9 : Missing symbol
Warning[205] C:\USERS\FREEM\DESKTOP\MICROS_WOO\P4\SUMA_RESTA.ASM 11 : Found directive in column 1. (CBLOCK)
Warning[205] C:\USERS\FREEM\DESKTOP\MICROS_WOO\P4\SUMA_RESTA.ASM 15 : Found directive in column 1. (ENDC)
Warning[203] C:\USERS\FREEM\DESKTOP\MICROS_WOO\P4\SUMA_RESTA.ASM 18 : Found opcode in column 1. (BSF)
Warning[203] C:\USERS\FREEM\DESKTOP\MICROS_WOO\P4\SUMA_RESTA.ASM 19 : Found opcode in column 1. (MOVLW)
Warning[203] C:\USERS\FREEM\DESKTOP\MICROS_WOO\P4\SUMA_RESTA.ASM 20 : Found opcode in column 1. (MOVWF)
Message[302] C:\USERS\FREEM\DESKTOP\MICROS_WOO\P4\SUMA_RESTA.ASM 20 : Register in operand not in bank 0.  Ensure that bank bits are correct.
Warning[203] C:\USERS\FREEM\DESKTOP\MICROS_WOO\P4\SUMA_RESTA.ASM 21 : Found opcode in column 1. (MOVLW)
Warning[203] C:\USERS\FREEM\DESKTOP\MICROS_WOO\P4\SUMA_RESTA.ASM 22 : Found opcode in column 1. (MOVWF)
Message[302] C:\USERS\FREEM\DESKTOP\MICROS_WOO\P4\SUMA_RESTA.ASM 22 : Register in operand not in bank 0.  Ensure that bank bits are correct.
Warning[203] C:\USERS\FREEM\DESKTOP\MICROS_WOO\P4\SUMA_RESTA.ASM 23 : Found opcode in column 1. (BCF)
Warning[203] C:\USERS\FREEM\DESKTOP\MICROS_WOO\P4\SUMA_RESTA.ASM 24 : Found opcode in column 1. (MOVLW)
Warning[203] C:\USERS\FREEM\DESKTOP\MICROS_WOO\P4\SUMA_RESTA.ASM 25 : Found opcode in column 1. (MOVWF)
Warning[203] C:\USERS\FREEM\DESKTOP\MICROS_WOO\P4\SUMA_RESTA.ASM 27 : Found opcode in column 1. (MOVLW)
Warning[203] C:\USERS\FREEM\DESKTOP\MICROS_WOO\P4\SUMA_RESTA.ASM 28 : Found opcode in column 1. (MOVWF)
Warning[203] C:\USERS\FREEM\DESKTOP\MICROS_WOO\P4\SUMA_RESTA.ASM 32 : Found opcode in column 1. (BTFSC)
Warning[203] C:\USERS\FREEM\DESKTOP\MICROS_WOO\P4\SUMA_RESTA.ASM 33 : Found opcode in column 1. (GOTO)
Warning[203] C:\USERS\FREEM\DESKTOP\MICROS_WOO\P4\SUMA_RESTA.ASM 35 : Found opcode in column 1. (BTFSC)
Warning[203] C:\USERS\FREEM\DESKTOP\MICROS_WOO\P4\SUMA_RESTA.ASM 36 : Found opcode in column 1. (GOTO)
Warning[203] C:\USERS\FREEM\DESKTOP\MICROS_WOO\P4\SUMA_RESTA.ASM 39 : Found opcode in column 1. (BTFSC)
Warning[203] C:\USERS\FREEM\DESKTOP\MICROS_WOO\P4\SUMA_RESTA.ASM 40 : Found opcode in column 1. (GOTO)
Warning[203] C:\USERS\FREEM\DESKTOP\MICROS_WOO\P4\SUMA_RESTA.ASM 43 : Found opcode in column 1. (BTFSC)
Warning[203] C:\USERS\FREEM\DESKTOP\MICROS_WOO\P4\SUMA_RESTA.ASM 44 : Found opcode in column 1. (GOTO)
Warning[203] C:\USERS\FREEM\DESKTOP\MICROS_WOO\P4\SUMA_RESTA.ASM 46 : Found opcode in column 1. (BTFSC)
Warning[203] C:\USERS\FREEM\DESKTOP\MICROS_WOO\P4\SUMA_RESTA.ASM 47 : Found opcode in column 1. (GOTO)
Warning[203] C:\USERS\FREEM\DESKTOP\MICROS_WOO\P4\SUMA_RESTA.ASM 49 : Found opcode in column 1. (goto)
Warning[203] C:\USERS\FREEM\DESKTOP\MICROS_WOO\P4\SUMA_RESTA.ASM 53 : Found opcode in column 1. (INCF)
Warning[203] C:\USERS\FREEM\DESKTOP\MICROS_WOO\P4\SUMA_RESTA.ASM 54 : Found opcode in column 1. (INCF)
Warning[203] C:\USERS\FREEM\DESKTOP\MICROS_WOO\P4\SUMA_RESTA.ASM 55 : Found opcode in column 1. (INCF)
Warning[203] C:\USERS\FREEM\DESKTOP\MICROS_WOO\P4\SUMA_RESTA.ASM 57 : Found opcode in column 1. (MOVF)
Warning[203] C:\USERS\FREEM\DESKTOP\MICROS_WOO\P4\SUMA_RESTA.ASM 58 : Found opcode in column 1. (MOVWF)
Warning[203] C:\USERS\FREEM\DESKTOP\MICROS_WOO\P4\SUMA_RESTA.ASM 60 : Found opcode in column 1. (GOTO)
Warning[203] C:\USERS\FREEM\DESKTOP\MICROS_WOO\P4\SUMA_RESTA.ASM 64 : Found opcode in column 1. (DECF)
Warning[203] C:\USERS\FREEM\DESKTOP\MICROS_WOO\P4\SUMA_RESTA.ASM 65 : Found opcode in column 1. (DECF)
Warning[203] C:\USERS\FREEM\DESKTOP\MICROS_WOO\P4\SUMA_RESTA.ASM 67 : Found opcode in column 1. (MOVF)
Warning[203] C:\USERS\FREEM\DESKTOP\MICROS_WOO\P4\SUMA_RESTA.ASM 68 : Found opcode in column 1. (MOVWF)
Warning[203] C:\USERS\FREEM\DESKTOP\MICROS_WOO\P4\SUMA_RESTA.ASM 69 : Found opcode in column 1. (GOTO)
Warning[203] C:\USERS\FREEM\DESKTOP\MICROS_WOO\P4\SUMA_RESTA.ASM 73 : Found opcode in column 1. (MOVLW)
Warning[203] C:\USERS\FREEM\DESKTOP\MICROS_WOO\P4\SUMA_RESTA.ASM 74 : Found opcode in column 1. (MOVWF)
Warning[203] C:\USERS\FREEM\DESKTOP\MICROS_WOO\P4\SUMA_RESTA.ASM 75 : Found opcode in column 1. (goto)
Warning[203] C:\USERS\FREEM\DESKTOP\MICROS_WOO\P4\SUMA_RESTA.ASM 79 : Found opcode in column 1. (MOVF)
Warning[203] C:\USERS\FREEM\DESKTOP\MICROS_WOO\P4\SUMA_RESTA.ASM 80 : Found opcode in column 1. (MOVWF)
Warning[203] C:\USERS\FREEM\DESKTOP\MICROS_WOO\P4\SUMA_RESTA.ASM 83 : Found opcode in column 1. (RLF)
Warning[203] C:\USERS\FREEM\DESKTOP\MICROS_WOO\P4\SUMA_RESTA.ASM 84 : Found opcode in column 1. (BSF)
Warning[203] C:\USERS\FREEM\DESKTOP\MICROS_WOO\P4\SUMA_RESTA.ASM 86 : Found opcode in column 1. (GOTO)
Warning[203] C:\USERS\FREEM\DESKTOP\MICROS_WOO\P4\SUMA_RESTA.ASM 91 : Found opcode in column 1. (MOVF)
Warning[203] C:\USERS\FREEM\DESKTOP\MICROS_WOO\P4\SUMA_RESTA.ASM 92 : Found opcode in column 1. (MOVWF)
Warning[203] C:\USERS\FREEM\DESKTOP\MICROS_WOO\P4\SUMA_RESTA.ASM 96 : Found opcode in column 1. (RRF)
Warning[203] C:\USERS\FREEM\DESKTOP\MICROS_WOO\P4\SUMA_RESTA.ASM 99 : Found opcode in column 1. (GOTO)
Warning[205] C:\USERS\FREEM\DESKTOP\MICROS_WOO\P4\SUMA_RESTA.ASM 100 : Found directive in column 1. (END)
